#
# A fatal error has been detected by the Java Runtime Environment:
#
#  EXCEPTION_ACCESS_VIOLATION (0xc0000005) at pc=0x000c01eb, pid=2728, tid=2340
#
# JRE version: Java(TM) SE Runtime Environment (8.0_45-b15) (build 1.8.0_45-b15)
# Java VM: Java HotSpot(TM) Client VM (25.45-b02 mixed mode windows-x86 )
# Problematic frame:
# C  0x000c01eb
#
# Failed to write core dump. Minidumps are not enabled by default on client versions of Windows
#
# If you would like to submit a bug report, please visit:
#   http://bugreport.java.com/bugreport/crash.jsp
# The crash happened outside the Java Virtual Machine in native code.
# See problematic frame for where to report the bug.
#

---------------  T H R E A D  ---------------

Current thread (0x0b222c00):  JavaThread "AWT-Windows" daemon [_thread_in_native, id=2340, stack(0x0b5e0000,0x0b630000)]

siginfo: ExceptionCode=0xc0000005, writing address 0x00000002

Registers:
EAX=0x00000002, EBX=0x00000001, ECX=0x00000000, EDX=0x0b62e2cc
ESP=0x0b62e2a4, EBP=0x0b62e2fc, ESI=0x00133188, EDI=0x00000000
EIP=0x000c01eb, EFLAGS=0x00010246

Top of Stack: (sp=0x0b62e2a4)
0x0b62e2a4:   773e1ec5 00280470 00000281 00000001
0x0b62e2b4:   00000000 00000002 00000003 00000000
0x0b62e2c4:   00133188 00000001 000c01eb 00000002
0x0b62e2d4:   00000003 005805c8 0b62f09c 00000002
0x0b62e2e4:   0b62e2c0 0b62dec8 0b62e3c4 7745b2b2
0x0b62e2f4:   773d2090 00000000 0b62e320 773e2087
0x0b62e304:   00133188 00280470 00000281 00000001
0x0b62e314:   00000000 7c811752 00280470 0b62e33c 

Instructions: (pc=0x000c01eb)
0x000c01cb:   00 00 00 00 00 00 00 00 00 00 00 00 00 00 00 00
0x000c01db:   00 00 00 00 00 00 00 00 00 00 00 00 00 00 00 00
0x000c01eb:   00 00 00 00 00 00 00 00 00 00 00 00 00 00 00 00
0x000c01fb:   00 00 00 00 00 00 00 00 00 00 00 00 00 00 00 00 


Register to memory mapping:

EAX=0x00000002 is an unknown value
EBX=0x00000001 is an unknown value
ECX=0x00000000 is an unknown value
EDX=0x0b62e2cc is pointing into the stack for thread: 0x0b222c00
ESP=0x0b62e2a4 is pointing into the stack for thread: 0x0b222c00
EBP=0x0b62e2fc is pointing into the stack for thread: 0x0b222c00
ESI=0x00133188 is an unknown value
EDI=0x00000000 is an unknown value


Stack: [0x0b5e0000,0x0b630000],  sp=0x0b62e2a4,  free space=312k
Native frames: (J=compiled Java code, j=interpreted, Vv=VM code, C=native code)
C  0x000c01eb
C  [COMCTL32.dll+0x12087]
C  [awt.dll+0x117a9]
C  [awt.dll+0x78ef9]
C  [awt.dll+0x7abb6]
C  [awt.dll+0x7815e]
C  [USER32.dll+0x8734]
C  [USER32.dll+0x8816]
C  [USER32.dll+0x1a013]
C  [USER32.dll+0x1a039]
C  [awt.dll+0x117ff]
C  [COMCTL32.dll+0x11ec5]
C  [COMCTL32.dll+0x120ea]
C  [USER32.dll+0x8734]
C  [USER32.dll+0x8816]
C  [USER32.dll+0x1927b]
C  [USER32.dll+0x192e3]
C  [IMM32.DLL+0x2b12]
C  [USER32.dll+0x5b90e]
C  [USER32.dll+0x5bdf2]
C  [USER32.dll+0x5c8cf]
C  [USER32.dll+0x5c97d]
C  [USER32.dll+0x8734]
C  [USER32.dll+0x8816]
C  [USER32.dll+0x18ea0]
C  [USER32.dll+0x18eec]
C  [ntdll.dll+0xe473]
C  [USER32.dll+0x18dd9]
C  [uxtheme.dll+0x3bc2]
C  [uxtheme.dll+0x1c7f6]
C  [uxtheme.dll+0x1ac7]
C  [uxtheme.dll+0x1b3d]
C  [USER32.dll+0x194ed]
C  [USER32.dll+0x8734]
C  [USER32.dll+0x8816]
C  [USER32.dll+0x1a013]
C  [USER32.dll+0x1a039]
C  [COMCTL32.dll+0x11b72]
C  [COMCTL32.dll+0x11ec5]
C  [COMCTL32.dll+0x12087]
C  [awt.dll+0x117a9]
C  [awt.dll+0x786d9]
C  [awt.dll+0xac13f]
C  [awt.dll+0x89889]
C  [awt.dll+0x7815e]
C  [USER32.dll+0x8734]
C  [USER32.dll+0x8816]
C  [USER32.dll+0x1a013]
C  [USER32.dll+0x1a039]
C  [awt.dll+0x117ff]
C  [COMCTL32.dll+0x11ec5]
C  [COMCTL32.dll+0x120ea]
C  [USER32.dll+0x8734]
C  [USER32.dll+0x1bdf1]
C  [USER32.dll+0x18ea0]
C  [USER32.dll+0x18eec]
C  [ntdll.dll+0xe473]
C  [USER32.dll+0x18dd9]
C  [uxtheme.dll+0x3bc2]
C  [uxtheme.dll+0x2882a]
C  [uxtheme.dll+0x1ac7]
C  [uxtheme.dll+0x1b3d]
C  [USER32.dll+0x194ed]
C  [USER32.dll+0x8734]
C  [USER32.dll+0x8816]
C  [USER32.dll+0x1a013]
C  [USER32.dll+0x1a039]
C  [COMCTL32.dll+0x11b72]
C  [COMCTL32.dll+0x11ec5]
C  [COMCTL32.dll+0x12087]
C  [awt.dll+0x117a9]
C  [awt.dll+0x786d9]
C  [awt.dll+0xac13f]
C  [awt.dll+0x89889]
C  [awt.dll+0x7815e]
C  [USER32.dll+0x8734]
C  [USER32.dll+0x8816]
C  [USER32.dll+0x1a013]
C  [USER32.dll+0x1a039]
C  [awt.dll+0x117ff]
C  [COMCTL32.dll+0x11ec5]
C  [COMCTL32.dll+0x120ea]
C  [USER32.dll+0x8734]
C  [USER32.dll+0x8816]
C  [USER32.dll+0x89cd]
C  [USER32.dll+0x8a10]
C  [awt.dll+0xa6824]

Java frames: (J=compiled Java code, j=interpreted, Vv=VM code)
j  sun.awt.windows.WToolkit.eventLoop()V+0
j  sun.awt.windows.WToolkit.run()V+58
j  java.lang.Thread.run()V+11
v  ~StubRoutines::call_stub

---------------  P R O C E S S  ---------------

Java Threads: ( => current thread )
  0x0b8ee400 JavaThread "D3D Screen Updater" daemon [_thread_blocked, id=2504, stack(0x0be60000,0x0beb0000)]
  0x003ca000 JavaThread "DestroyJavaVM" [_thread_blocked, id=1068, stack(0x008d0000,0x00920000)]
  0x0b255000 JavaThread "AWT-EventQueue-0" [_thread_in_native, id=2492, stack(0x0b7d0000,0x0b820000)]
=>0x0b222c00 JavaThread "AWT-Windows" daemon [_thread_in_native, id=2340, stack(0x0b5e0000,0x0b630000)]
  0x0b221400 JavaThread "AWT-Shutdown" [_thread_blocked, id=2744, stack(0x0b590000,0x0b5e0000)]
  0x0b21fc00 JavaThread "Java2D Disposer" daemon [_thread_blocked, id=1904, stack(0x0b540000,0x0b590000)]
  0x0b0ac000 JavaThread "Service Thread" daemon [_thread_blocked, id=3300, stack(0x0b4a0000,0x0b4f0000)]
  0x0b08e000 JavaThread "C1 CompilerThread0" daemon [_thread_blocked, id=2404, stack(0x0b450000,0x0b4a0000)]
  0x0b086400 JavaThread "JDWP Command Reader" daemon [_thread_in_native, id=3444, stack(0x0b400000,0x0b450000)]
  0x0b084c00 JavaThread "JDWP Event Helper Thread" daemon [_thread_blocked, id=1580, stack(0x0b3b0000,0x0b400000)]
  0x0b082800 JavaThread "JDWP Transport Listener: dt_socket" daemon [_thread_blocked, id=2912, stack(0x0b360000,0x0b3b0000)]
  0x0b074000 JavaThread "Attach Listener" daemon [_thread_blocked, id=2188, stack(0x0b300000,0x0b350000)]
  0x0b072c00 JavaThread "Signal Dispatcher" daemon [_thread_blocked, id=2352, stack(0x0b2b0000,0x0b300000)]
  0x02abc400 JavaThread "Finalizer" daemon [_thread_blocked, id=1348, stack(0x0b260000,0x0b2b0000)]
  0x02abac00 JavaThread "Reference Handler" daemon [_thread_blocked, id=4012, stack(0x02b90000,0x02be0000)]

Other Threads:
  0x02ab7800 VMThread [stack: 0x02b40000,0x02b90000] [id=2860]
  0x0b0ae000 WatcherThread [stack: 0x0b4f0000,0x0b540000] [id=2516]

VM state:not at safepoint (normal execution)

VM Mutex/Monitor currently owned by a thread: None

Heap:
 def new generation   total 4736K, used 1448K [0x02c00000, 0x03120000, 0x056a0000)
  eden space 4224K,  34% used [0x02c00000, 0x02d68af8, 0x03020000)
  from space 512K,   1% used [0x03020000, 0x03021648, 0x030a0000)
  to   space 512K,   0% used [0x030a0000, 0x030a0000, 0x03120000)
 tenured generation   total 10368K, used 7418K [0x056a0000, 0x060c0000, 0x0ac00000)
   the space 10368K,  71% used [0x056a0000, 0x05dde9d0, 0x05ddea00, 0x060c0000)
 Metaspace       used 8040K, capacity 8211K, committed 8320K, reserved 8576K

Card table byte_map: [0x02ac0000,0x02b10000] byte_map_base: 0x02aaa000

Polling page: 0x003f0000

CodeCache: size=32768Kb used=1103Kb max_used=1103Kb free=31664Kb
 bounds [0x00940000, 0x00a58000, 0x02940000]
 total_blobs=525 nmethods=239 adapters=225
 compilation: enabled

Compilation events (10 events):
Event: 1.662 Thread 0x0b08e000  237             sun.awt.image.ByteInterleavedRaster::setDataElements (119 bytes)
Event: 1.662 Thread 0x0b08e000 nmethod 237 0x00a4ff08 code [0x00a50030, 0x00a5023c]
Event: 1.663 Thread 0x0b08e000  238 %           sun.java2d.loops.OpaqueCopyArgbToAny::Blit @ 172 (232 bytes)
Event: 1.664 Thread 0x0b08e000 nmethod 238% 0x00a50508 code [0x00a506c0, 0x00a50ff4]
Event: 1.684 Thread 0x0b08e000  239             sun.java2d.loops.OpaqueCopyAnyToArgb::Blit (234 bytes)
Event: 1.686 Thread 0x0b08e000 nmethod 239 0x00a51d48 code [0x00a51ee0, 0x00a523c4]
Event: 1.687 Thread 0x0b08e000  240             sun.java2d.loops.OpaqueCopyArgbToAny::Blit (232 bytes)
Event: 1.688 Thread 0x0b08e000 nmethod 240 0x00a52c48 code [0x00a52de0, 0x00a53284]
Event: 1.704 Thread 0x0b08e000  241             java.lang.Integer::valueOf (32 bytes)
Event: 1.704 Thread 0x0b08e000 nmethod 241 0x009e69c8 code [0x009e6ac0, 0x009e6bb0]

GC Heap History (10 events):
Event: 1.605 GC heap before
{Heap before GC invocations=8 (full 0):
 def new generation   total 2432K, used 1561K [0x02c00000, 0x02ea0000, 0x056a0000)
  eden space 2176K,  71% used [0x02c00000, 0x02d85590, 0x02e20000)
  from space 256K,   1% used [0x02e20000, 0x02e20ff0, 0x02e60000)
  to   space 256K,   0% used [0x02e60000, 0x02e60000, 0x02ea0000)
 tenured generation   total 5504K, used 3470K [0x056a0000, 0x05c00000, 0x0ac00000)
   the space 5504K,  63% used [0x056a0000, 0x05a039a0, 0x05a03a00, 0x05c00000)
 Metaspace       used 7905K, capacity 8083K, committed 8192K, reserved 8576K
Event: 1.606 GC heap after
Heap after GC invocations=9 (full 0):
 def new generation   total 2432K, used 4K [0x02c00000, 0x02ea0000, 0x056a0000)
  eden space 2176K,   0% used [0x02c00000, 0x02c00000, 0x02e20000)
  from space 256K,   1% used [0x02e60000, 0x02e61108, 0x02ea0000)
  to   space 256K,   0% used [0x02e20000, 0x02e20000, 0x02e60000)
 tenured generation   total 5504K, used 3470K [0x056a0000, 0x05c00000, 0x0ac00000)
   the space 5504K,  63% used [0x056a0000, 0x05a039a0, 0x05a03a00, 0x05c00000)
 Metaspace       used 7905K, capacity 8083K, committed 8192K, reserved 8576K
}
Event: 1.612 GC heap before
{Heap before GC invocations=9 (full 0):
 def new generation   total 2432K, used 1583K [0x02c00000, 0x02ea0000, 0x056a0000)
  eden space 2176K,  72% used [0x02c00000, 0x02d8acb0, 0x02e20000)
  from space 256K,   1% used [0x02e60000, 0x02e61108, 0x02ea0000)
  to   space 256K,   0% used [0x02e20000, 0x02e20000, 0x02e60000)
 tenured generation   total 5504K, used 3470K [0x056a0000, 0x05c00000, 0x0ac00000)
   the space 5504K,  63% used [0x056a0000, 0x05a039a0, 0x05a03a00, 0x05c00000)
 Metaspace       used 7942K, capacity 8147K, committed 8320K, reserved 8576K
Event: 1.615 GC heap after
Heap after GC invocations=10 (full 0):
 def new generation   total 2432K, used 12K [0x02c00000, 0x02ea0000, 0x056a0000)
  eden space 2176K,   0% used [0x02c00000, 0x02c00000, 0x02e20000)
  from space 256K,   4% used [0x02e20000, 0x02e232b0, 0x02e60000)
  to   space 256K,   0% used [0x02e60000, 0x02e60000, 0x02ea0000)
 tenured generation   total 5504K, used 5006K [0x056a0000, 0x05c00000, 0x0ac00000)
   the space 5504K,  90% used [0x056a0000, 0x05b839b0, 0x05b83a00, 0x05c00000)
 Metaspace       used 7942K, capacity 8147K, committed 8320K, reserved 8576K
}
Event: 1.619 GC heap before
{Heap before GC invocations=10 (full 0):
 def new generation   total 2432K, used 1253K [0x02c00000, 0x02ea0000, 0x056a0000)
  eden space 2176K,  57% used [0x02c00000, 0x02d364f0, 0x02e20000)
  from space 256K,   4% used [0x02e20000, 0x02e232b0, 0x02e60000)
  to   space 256K,   0% used [0x02e60000, 0x02e60000, 0x02ea0000)
 tenured generation   total 5504K, used 5006K [0x056a0000, 0x05c00000, 0x0ac00000)
   the space 5504K,  90% used [0x056a0000, 0x05b839b0, 0x05b83a00, 0x05c00000)
 Metaspace       used 7957K, capacity 8147K, committed 8320K, reserved 8576K
Event: 1.628 GC heap after
Heap after GC invocations=11 (full 1):
 def new generation   total 4736K, used 0K [0x02c00000, 0x03120000, 0x056a0000)
  eden space 4224K,   0% used [0x02c00000, 0x02c00000, 0x03020000)
  from space 512K,   0% used [0x03020000, 0x03020000, 0x030a0000)
  to   space 512K,   0% used [0x030a0000, 0x030a0000, 0x03120000)
 tenured generation   total 10368K, used 6218K [0x056a0000, 0x060c0000, 0x0ac00000)
   the space 10368K,  59% used [0x056a0000, 0x05cb29c0, 0x05cb2a00, 0x060c0000)
 Metaspace       used 7957K, capacity 8147K, committed 8320K, reserved 8576K
}
Event: 1.676 GC heap before
{Heap before GC invocations=11 (full 1):
 def new generation   total 4736K, used 4224K [0x02c00000, 0x03120000, 0x056a0000)
  eden space 4224K, 100% used [0x02c00000, 0x03020000, 0x03020000)
  from space 512K,   0% used [0x03020000, 0x03020000, 0x030a0000)
  to   space 512K,   0% used [0x030a0000, 0x030a0000, 0x03120000)
 tenured generation   total 10368K, used 6218K [0x056a0000, 0x060c0000, 0x0ac00000)
   the space 10368K,  59% used [0x056a0000, 0x05cb29c0, 0x05cb2a00, 0x060c0000)
 Metaspace       used 7957K, capacity 8147K, committed 8320K, reserved 8576K
Event: 1.678 GC heap after
Heap after GC invocations=12 (full 1):
 def new generation   total 4736K, used 1K [0x02c00000, 0x03120000, 0x056a0000)
  eden space 4224K,   0% used [0x02c00000, 0x02c00000, 0x03020000)
  from space 512K,   0% used [0x030a0000, 0x030a0760, 0x03120000)
  to   space 512K,   0% used [0x03020000, 0x03020000, 0x030a0000)
 tenured generation   total 10368K, used 7418K [0x056a0000, 0x060c0000, 0x0ac00000)
   the space 10368K,  71% used [0x056a0000, 0x05dde9d0, 0x05ddea00, 0x060c0000)
 Metaspace       used 7957K, capacity 8147K, committed 8320K, reserved 8576K
}
Event: 1.686 GC heap before
{Heap before GC invocations=12 (full 1):
 def new generation   total 4736K, used 4225K [0x02c00000, 0x03120000, 0x056a0000)
  eden space 4224K, 100% used [0x02c00000, 0x03020000, 0x03020000)
  from space 512K,   0% used [0x030a0000, 0x030a0760, 0x03120000)
  to   space 512K,   0% used [0x03020000, 0x03020000, 0x030a0000)
 tenured generation   total 10368K, used 7418K [0x056a0000, 0x060c0000, 0x0ac00000)
   the space 10368K,  71% used [0x056a0000, 0x05dde9d0, 0x05ddea00, 0x060c0000)
 Metaspace       used 7958K, capacity 8147K, committed 8320K, reserved 8576K
Event: 1.687 GC heap after
Heap after GC invocations=13 (full 1):
 def new generation   total 4736K, used 5K [0x02c00000, 0x03120000, 0x056a0000)
  eden space 4224K,   0% used [0x02c00000, 0x02c00000, 0x03020000)
  from space 512K,   1% used [0x03020000, 0x03021648, 0x030a0000)
  to   space 512K,   0% used [0x030a0000, 0x030a0000, 0x03120000)
 tenured generation   total 10368K, used 7418K [0x056a0000, 0x060c0000, 0x0ac00000)
   the space 10368K,  71% used [0x056a0000, 0x05dde9d0, 0x05ddea00, 0x060c0000)
 Metaspace       used 7958K, capacity 8147K, committed 8320K, reserved 8576K
}

Deoptimization events (0 events):
No events

Internal exceptions (9 events):
Event: 0.229 Thread 0x003ca000 Exception <a 'java/lang/NoSuchMethodError': Method sun.misc.Unsafe.defineClass(Ljava/lang/String;[BII)Ljava/lang/Class; name or signature does not match> (0x02c16508) thrown at [C:\re\workspace\8-2-build-windows-i586-cygwin\jdk8u45\3627\hotspot\src\share\vãtÙz_Í?
Event: 0.229 Thread 0x003ca000 Exception <a 'java/lang/NoSuchMethodError': Method sun.misc.Unsafe.prefetchRead(Ljava/lang/Object;J)V name or signature does not match> (0x02c16788) thrown at [C:\re\workspace\8-2-build-windows-i586-cygwin\jdk8u45\3627\hotspot\src\share\vm\prims\jni.cpp, l	Þgï}áÜ?
Event: 0.451 Thread 0x003ca000 Exception <a 'java/security/PrivilegedActionException'> (0x02cd8a20) thrown at [C:\re\workspace\8-2-build-windows-i586-cygwin\jdk8u45\3627\hotspot\src\share\vm\prims\jvm.cpp, line 1382]
Event: 0.451 Thread 0x003ca000 Exception <a 'java/security/PrivilegedActionException'> (0x02cd8bd0) thrown at [C:\re\workspace\8-2-build-windows-i586-cygwin\jdk8u45\3627\hotspot\src\share\vm\prims\jvm.cpp, line 1382]
Event: 0.452 Thread 0x003ca000 Exception <a 'java/security/PrivilegedActionException'> (0x02cdc250) thrown at [C:\re\workspace\8-2-build-windows-i586-cygwin\jdk8u45\3627\hotspot\src\share\vm\prims\jvm.cpp, line 1382]
Event: 0.452 Thread 0x003ca000 Exception <a 'java/security/PrivilegedActionException'> (0x02cdc448) thrown at [C:\re\workspace\8-2-build-windows-i586-cygwin\jdk8u45\3627\hotspot\src\share\vm\prims\jvm.cpp, line 1382]
Event: 0.456 Thread 0x003ca000 Exception <a 'java/io/FileNotFoundException'> (0x02cde498) thrown at [C:\re\workspace\8-2-build-windows-i586-cygwin\jdk8u45\3627\hotspot\src\share\vm\prims\jni.cpp, line 709]
Event: 0.565 Thread 0x003ca000 Exception <a 'java/lang/NoSuchFieldError': method resolution failed> (0x02dcc798) thrown at [C:\re\workspace\8-2-build-windows-i586-cygwin\jdk8u45\3627\hotspot\src\share\vm\prims\methodHandles.cpp, line 1125]
Event: 0.571 Thread 0x003ca000 Exception <a 'java/lang/NoSuchFieldError': method resolution failed> (0x02dd9cb0) thrown at [C:\re\workspace\8-2-build-windows-i586-cygwin\jdk8u45\3627\hotspot\src\share\vm\prims\methodHandles.cpp, line 1125]

Events (10 events):
Event: 1.707 loading class sun/util/locale/StringTokenIterator
Event: 1.707 loading class sun/util/locale/StringTokenIterator done
Event: 1.707 loading class sun/util/locale/InternalLocaleBuilder
Event: 1.707 loading class sun/util/locale/InternalLocaleBuilder done
Event: 1.707 loading class sun/util/locale/InternalLocaleBuilder$CaseInsensitiveChar
Event: 1.707 loading class sun/util/locale/InternalLocaleBuilder$CaseInsensitiveChar done
Event: 1.708 loading class org/newdawn/slick/Music
Event: 1.708 loading class org/newdawn/slick/Music done
Event: 1.709 loading class hf/util/MouseEventValidation
Event: 1.709 loading class hf/util/MouseEventValidation done


Dynamic libraries:
0x00400000 - 0x00433000 	C:\Program Files\Java\jre1.8.0_45\bin\javaw.exe
0x7c900000 - 0x7c9b2000 	C:\WINDOWS\system32\ntdll.dll
0x7c800000 - 0x7c8f6000 	C:\WINDOWS\system32\kernel32.dll
0x77dd0000 - 0x77e6b000 	C:\WINDOWS\system32\ADVAPI32.dll
0x77e70000 - 0x77f03000 	C:\WINDOWS\system32\RPCRT4.dll
0x77fe0000 - 0x77ff1000 	C:\WINDOWS\system32\Secur32.dll
0x7e410000 - 0x7e4a1000 	C:\WINDOWS\system32\USER32.dll
0x77f10000 - 0x77f59000 	C:\WINDOWS\system32\GDI32.dll
0x773d0000 - 0x774d3000 	C:\WINDOWS\WinSxS\x86_Microsoft.Windows.Common-Controls_6595b64144ccf1df_6.0.2600.6028_x-ww_61e65202\COMCTL32.dll
0x77c10000 - 0x77c68000 	C:\WINDOWS\system32\msvcrt.dll
0x77f60000 - 0x77fd6000 	C:\WINDOWS\system32\SHLWAPI.dll
0x76390000 - 0x763ad000 	C:\WINDOWS\system32\IMM32.DLL
0x78aa0000 - 0x78b5f000 	C:\Program Files\Java\jre1.8.0_45\bin\msvcr100.dll
0x6d160000 - 0x6d520000 	C:\Program Files\Java\jre1.8.0_45\bin\client\jvm.dll
0x71ad0000 - 0x71ad9000 	C:\WINDOWS\system32\WSOCK32.dll
0x71ab0000 - 0x71ac7000 	C:\WINDOWS\system32\WS2_32.dll
0x71aa0000 - 0x71aa8000 	C:\WINDOWS\system32\WS2HELP.dll
0x76b40000 - 0x76b6d000 	C:\WINDOWS\system32\WINMM.dll
0x77c00000 - 0x77c08000 	C:\WINDOWS\system32\VERSION.dll
0x76bf0000 - 0x76bfb000 	C:\WINDOWS\system32\PSAPI.DLL
0x6efb0000 - 0x6efbc000 	C:\Program Files\Java\jre1.8.0_45\bin\verify.dll
0x6d9f0000 - 0x6da11000 	C:\Program Files\Java\jre1.8.0_45\bin\java.dll
0x6db70000 - 0x6db99000 	C:\Program Files\Java\jre1.8.0_45\bin\jdwp.dll
0x6edc0000 - 0x6edc7000 	C:\Program Files\Java\jre1.8.0_45\bin\npt.dll
0x6f040000 - 0x6f053000 	C:\Program Files\Java\jre1.8.0_45\bin\zip.dll
0x7c9c0000 - 0x7d1d7000 	C:\WINDOWS\system32\SHELL32.dll
0x769c0000 - 0x76a74000 	C:\WINDOWS\system32\USERENV.dll
0x6d7a0000 - 0x6d7a8000 	C:\Program Files\Java\jre1.8.0_45\bin\dt_socket.dll
0x71a50000 - 0x71a8f000 	C:\WINDOWS\System32\mswsock.dll
0x76f20000 - 0x76f47000 	C:\WINDOWS\system32\DNSAPI.dll
0x76d60000 - 0x76d79000 	C:\WINDOWS\system32\iphlpapi.dll
0x76fb0000 - 0x76fb8000 	C:\WINDOWS\System32\winrnr.dll
0x76f60000 - 0x76f8c000 	C:\WINDOWS\system32\WLDAP32.dll
0x751d0000 - 0x751ee000 	C:\WINDOWS\system32\wshbth.dll
0x77920000 - 0x77a13000 	C:\WINDOWS\system32\SETUPAPI.dll
0x76fc0000 - 0x76fc6000 	C:\WINDOWS\system32\rasadhlp.dll
0x662b0000 - 0x66308000 	C:\WINDOWS\system32\hnetcfg.dll
0x71a90000 - 0x71a98000 	C:\WINDOWS\System32\wshtcpip.dll
0x6d000000 - 0x6d145000 	C:\Program Files\Java\jre1.8.0_45\bin\awt.dll
0x77120000 - 0x771ab000 	C:\WINDOWS\system32\OLEAUT32.dll
0x774e0000 - 0x7761e000 	C:\WINDOWS\system32\ole32.dll
0x5ad70000 - 0x5ada8000 	C:\WINDOWS\system32\uxtheme.dll
0x74720000 - 0x7476c000 	C:\WINDOWS\system32\MSCTF.dll
0x755c0000 - 0x755ee000 	C:\WINDOWS\system32\msctfime.ime
0x10000000 - 0x10072000 	C:\git\SOEN-6441-1\SOEN-6441\lib\lwjgl\native\lwjgl.dll
0x5ed00000 - 0x5edcc000 	C:\WINDOWS\system32\OPENGL32.dll
0x68b20000 - 0x68b40000 	C:\WINDOWS\system32\GLU32.dll
0x73760000 - 0x737ab000 	C:\WINDOWS\system32\DDRAW.dll
0x73bc0000 - 0x73bc6000 	C:\WINDOWS\system32\DCIMAN32.dll
0x4fdd0000 - 0x4ff76000 	C:\WINDOWS\system32\d3d9.dll
0x6d990000 - 0x6d996000 	C:\WINDOWS\system32\d3d8thk.dll
0x6d7d0000 - 0x6d809000 	C:\Program Files\Java\jre1.8.0_45\bin\fontmanager.dll
0x6ed90000 - 0x6eda5000 	C:\Program Files\Java\jre1.8.0_45\bin\net.dll
0x6edb0000 - 0x6edbf000 	C:\Program Files\Java\jre1.8.0_45\bin\nio.dll
0x6ef60000 - 0x6ef90000 	C:\Program Files\Java\jre1.8.0_45\bin\t2k.dll
0x76fd0000 - 0x7704f000 	C:\WINDOWS\system32\CLBCATQ.DLL
0x77050000 - 0x77115000 	C:\WINDOWS\system32\COMRes.dll
0x6db40000 - 0x6db46000 	C:\Program Files\Java\jre1.8.0_45\bin\jawt.dll
0x0bec0000 - 0x0ca17000 	C:\WINDOWS\system32\vmwogl32.dll
0x76c90000 - 0x76cb9000 	C:\WINDOWS\system32\imagehlp.dll
0x68000000 - 0x68036000 	C:\WINDOWS\system32\rsaenh.dll
0x5b860000 - 0x5b8b5000 	C:\WINDOWS\system32\netapi32.dll
0x76d40000 - 0x76d58000 	C:\WINDOWS\system32\MPRAPI.dll
0x77cc0000 - 0x77cf2000 	C:\WINDOWS\system32\ACTIVEDS.dll
0x76e10000 - 0x76e35000 	C:\WINDOWS\system32\adsldpc.dll
0x76b20000 - 0x76b31000 	C:\WINDOWS\system32\ATL.DLL
0x76e80000 - 0x76e8e000 	C:\WINDOWS\system32\rtutils.dll
0x71bf0000 - 0x71c03000 	C:\WINDOWS\system32\SAMLIB.dll
0x6ec20000 - 0x6ec45000 	C:\Program Files\Java\jre1.8.0_45\bin\jpeg.dll
0x59a60000 - 0x59b01000 	C:\WINDOWS\system32\dbghelp.dll

VM Arguments:
jvm_args: -agentlib:jdwp=transport=dt_socket,suspend=y,address=localhost:1852 -Djava.library.path=C:\git\SOEN-6441-1\SOEN-6441\lib\lwjgl\native -Dfile.encoding=Cp1252 
java_command: hf.ui.AppDisplayWindow
java_class_path (initial): C:\git\SOEN-6441-1\SOEN-6441\bin;C:\eclipse\eclipse\plugins\org.junit_4.11.0.v201303080030\junit.jar;C:\eclipse\eclipse\plugins\org.hamcrest.core_1.3.0.v201303031735.jar;C:\git\SOEN-6441-1\SOEN-6441\lib\slick.jar;C:\git\SOEN-6441-1\SOEN-6441\lib\xstream-1.4.1.jar;C:\git\SOEN-6441-1\SOEN-6441\lib\lwjgl\jar\jinput.jar;C:\git\SOEN-6441-1\SOEN-6441\lib\lwjgl\jar\lwjgl_util.jar;C:\git\SOEN-6441-1\SOEN-6441\lib\lwjgl\jar\lwjgl.jar
Launcher Type: SUN_STANDARD

Environment Variables:
PATH=C:/Program Files/Java/jre1.8.0_45/bin/client;C:/Program Files/Java/jre1.8.0_45/bin;C:/Program Files/Java/jre1.8.0_45/lib/i386;C:\Documents and Settings\All Users\Application Data\Oracle\Java\javapath;C:\WINDOWS\system32;C:\WINDOWS;C:\WINDOWS\System32\Wbem;C:\eclipse\eclipse;
USERNAME=IEUser
OS=Windows_NT
PROCESSOR_IDENTIFIER=x86 Family 6 Model 69 Stepping 1, GenuineIntel



---------------  S Y S T E M  ---------------

OS: Windows 5.1 Build 2600 (5.1.2600.6532)

CPU:total 1 (1 cores per cpu, 1 threads per core) family 6 model 69 stepping 1, cmov, cx8, fxsr, mmx, sse, sse2, sse3, ssse3, sse4.1, sse4.2, popcnt, aes, clmul, erms, tsc, tscinvbit

Memory: 4k page, physical 523752k(52748k free), swap 1275720k(552748k free)

vm_info: Java HotSpot(TM) Client VM (25.45-b02) for windows-x86 JRE (1.8.0_45-b15), built on Apr 30 2015 12:31:00 by "java_re" with MS VC++ 10.0 (VS2010)

time: Wed Jul 15 02:05:44 2015
elapsed time: 1 seconds (0d 0h 0m 1s)

